<?xml version="1.0" encoding="UTF-8"?>
<!-- Generated by org.testng.reporters.JUnitReportReporter -->
<testsuite hostname="Black-Ops" failures="0" tests="1" name="TestCases" time="98.005" errors="0" timestamp="2024-10-04T10:48:03 IST" skipped="0">
  <testcase classname="TestCases" name="validateSortPriceLowToHigh" time="98.005"/>
</testsuite> <!-- TestCases -->
