<?xml version="1.0" encoding="UTF-8"?>
<!-- Generated by org.testng.reporters.JUnitReportReporter -->
<testsuite hostname="Black-Ops" failures="0" tests="1" name="ValidateAddCart" time="30.400" errors="0" timestamp="2024-10-04T13:25:06 IST" skipped="0">
  <testcase classname="ValidateAddCart" name="validateAddToCart" time="30.400"/>
</testsuite> <!-- ValidateAddCart -->
