<?xml version="1.0" encoding="UTF-8"?>
<!-- Generated by org.testng.reporters.JUnitReportReporter -->
<testsuite hostname="Black-Ops" failures="0" tests="1" name="ValidateSortTest" time="24.646" errors="0" timestamp="2024-10-04T13:25:06 IST" skipped="0">
  <testcase classname="ValidateSortTest" name="validateSortPriceLowToHigh" time="24.646"/>
</testsuite> <!-- ValidateSortTest -->
