<?xml version="1.0" encoding="UTF-8"?>
<!-- Generated by org.testng.reporters.JUnitReportReporter -->
<testsuite hostname="Black-Ops" failures="0" tests="1" name="Validate_Sort_FunctionalityTest" time="38.543" errors="0" timestamp="2024-10-04T08:44:13 IST" skipped="0">
  <testcase classname="Validate_Sort_FunctionalityTest" name="validateSortPriceLowToHigh" time="38.543"/>
</testsuite> <!-- Validate_Sort_FunctionalityTest -->
